<?xml version="1.0" encoding="UTF-8"?>
<!-- Generated by org.testng.reporters.JUnitReportReporter -->
<testsuite hostname="KairosHW0452" failures="0" tests="5" name="Tests.LoginToApp" time="24.344" errors="0" timestamp="2023-07-18T12:30:42 IST" skipped="0">
  <testcase classname="Tests.LoginToApp" name="LoginTest" time="1.056"/>
  <system-out/>
  <testcase classname="Tests.LoginToApp" name="verifyLogin" time="8.145"/>
  <system-out/>
  <testcase classname="Tests.LoginToApp" name="MessengerTest" time="6.742"/>
  <system-out/>
  <testcase classname="Tests.LoginToApp" name="verifyMessengerIcon" time="0.325"/>
  <system-out/>
  <testcase classname="Tests.LoginToApp" name="GroupsTest" time="8.076"/>
  <system-out/>
</testsuite> <!-- Tests.LoginToApp -->
